<?xml version="1.0" encoding="UTF-8"?>
<!-- Generated by org.testng.reporters.JUnitReportReporter -->
<testsuite hostname="jays-MacBook-Pro.local" failures="0" tests="1" name="HomePage.HomePage_SwagLabs_SauceProducts_TestCase_2" time="17.083" errors="0" timestamp="17 Sep 2023 19:25:01 GMT" skipped="0">
  <testcase classname="HomePage.HomePage_SwagLabs_SauceProducts_TestCase_2" name="lg" time="17.083"/>
</testsuite> <!-- HomePage.HomePage_SwagLabs_SauceProducts_TestCase_2 -->
