<?xml version="1.0" encoding="UTF-8"?>
<!-- Generated by org.testng.reporters.JUnitReportReporter -->
<testsuite hostname="jays-MacBook-Pro.local" failures="0" tests="1" name="TestCases.HomeTestcase" time="9.423" errors="0" timestamp="15 Sep 2023 18:16:33 GMT" skipped="0">
  <testcase classname="TestCases.HomeTestcase" name="lg" time="9.423"/>
</testsuite> <!-- TestCases.HomeTestcase -->
