<?xml version="1.0" encoding="UTF-8"?>
<!-- Generated by org.testng.reporters.JUnitReportReporter -->
<testsuite hostname="jays-MacBook-Pro.local" failures="0" tests="1" name="Tests.HomeTestcase" time="10.919" errors="0" timestamp="15 Sep 2023 18:12:12 GMT" skipped="0">
  <testcase classname="Tests.HomeTestcase" name="lg" time="10.919"/>
</testsuite> <!-- Tests.HomeTestcase -->
