<?xml version="1.0" encoding="UTF-8"?>
<!-- Generated by org.testng.reporters.JUnitReportReporter -->
<testsuite hostname="jays-MacBook-Pro.local" failures="0" tests="1" name="HomePage.HomeTestcase" time="9.486" errors="0" timestamp="15 Sep 2023 18:18:56 GMT" skipped="0">
  <testcase classname="HomePage.HomeTestcase" name="lg" time="9.486"/>
</testsuite> <!-- HomePage.HomeTestcase -->
