<?xml version="1.0" encoding="UTF-8"?>
<!-- Generated by org.testng.reporters.JUnitReportReporter -->
<testsuite skipped="0" hostname="jays-MacBook-Pro.local" name="HomePage.HomePage_SwagLabs_VerifyHomePageLinks_TestCase_5" tests="1" failures="0" timestamp="24 Mar 2024 14:33:53 GMT" time="14.881" errors="0">
  <testcase name="lg" time="14.881" classname="HomePage.HomePage_SwagLabs_VerifyHomePageLinks_TestCase_5"/>
</testsuite> <!-- HomePage.HomePage_SwagLabs_VerifyHomePageLinks_TestCase_5 -->
