<?xml version="1.0" encoding="UTF-8"?>
<!-- Generated by org.testng.reporters.JUnitReportReporter -->
<testsuite hostname="jays-MacBook-Pro.local" failures="0" tests="1" name="HomePage.HomePage_SwagLabs_menu_TestCase_1" time="4.980" errors="0" timestamp="24 Jan 2024 14:47:43 GMT" skipped="0">
  <testcase classname="HomePage.HomePage_SwagLabs_menu_TestCase_1" name="lg" time="4.980"/>
</testsuite> <!-- HomePage.HomePage_SwagLabs_menu_TestCase_1 -->
