<?xml version="1.0" encoding="UTF-8"?>
<!-- Generated by org.testng.reporters.JUnitReportReporter -->
<testsuite skipped="0" hostname="jays-MacBook-Pro.local" name="HomePage.test123" tests="1" failures="0" timestamp="24 Mar 2024 14:33:53 GMT" time="0.011" errors="0">
  <testcase name="test" time="0.011" classname="HomePage.test123"/>
</testsuite> <!-- HomePage.test123 -->
