<?xml version="1.0" encoding="UTF-8"?>
<!-- Generated by org.testng.reporters.JUnitReportReporter -->
<testsuite hostname="jays-MacBook-Pro.local" failures="0" tests="1" name="HomePage.HomePage_SwagLabs_VerifyAddToCart_TestCase_4" time="13.343" errors="0" timestamp="17 Sep 2023 15:54:08 GMT" skipped="0">
  <testcase classname="HomePage.HomePage_SwagLabs_VerifyAddToCart_TestCase_4" name="lg" time="13.343"/>
</testsuite> <!-- HomePage.HomePage_SwagLabs_VerifyAddToCart_TestCase_4 -->
