<?xml version="1.0" encoding="UTF-8"?>
<!-- Generated by org.testng.reporters.JUnitReportReporter -->
<testsuite hostname="jays-MacBook-Pro.local" failures="0" tests="1" name="HomePage.HomePage_SwagLabs_VerifyAddToCart_TestCase_3" time="11.411" errors="0" timestamp="16 Sep 2023 15:30:43 GMT" skipped="0">
  <testcase classname="HomePage.HomePage_SwagLabs_VerifyAddToCart_TestCase_3" name="lg" time="11.411"/>
</testsuite> <!-- HomePage.HomePage_SwagLabs_VerifyAddToCart_TestCase_3 -->
