<?xml version="1.0" encoding="UTF-8"?>
<!-- Generated by org.testng.reporters.JUnitReportReporter -->
<testsuite hostname="jays-MacBook-Pro.local" failures="0" tests="1" name="HomePage.HomePage_SwagLabs_menu_TestCase_1" time="14.293" errors="0" timestamp="17 Sep 2023 19:25:01 GMT" skipped="0">
  <testcase classname="HomePage.HomePage_SwagLabs_menu_TestCase_1" name="lg" time="14.293"/>
</testsuite> <!-- HomePage.HomePage_SwagLabs_menu_TestCase_1 -->
