<?xml version="1.0" encoding="UTF-8"?>
<!-- Generated by org.testng.reporters.JUnitReportReporter -->
<testsuite hostname="jays-MacBook-Pro.local" failures="0" tests="1" name="HomePage.HomePage_SwagLabs_SortingMenu_TestCase_3" time="13.038" errors="0" timestamp="17 Sep 2023 15:54:08 GMT" skipped="0">
  <testcase classname="HomePage.HomePage_SwagLabs_SortingMenu_TestCase_3" name="lg" time="13.038"/>
</testsuite> <!-- HomePage.HomePage_SwagLabs_SortingMenu_TestCase_3 -->
