<?xml version="1.0" encoding="UTF-8"?>
<!-- Generated by org.testng.reporters.JUnitReportReporter -->
<testsuite skipped="0" hostname="jays-MacBook-Pro.local" name="HomePage.HomePage_SwagLabs_SauceProducts_TestCase_2" tests="1" failures="0" timestamp="24 Mar 2024 14:33:53 GMT" time="6.747" errors="0">
  <testcase name="lg" time="6.747" classname="HomePage.HomePage_SwagLabs_SauceProducts_TestCase_2"/>
</testsuite> <!-- HomePage.HomePage_SwagLabs_SauceProducts_TestCase_2 -->
